INFO  @ Tue, 19 Dec 2017 19:23:01: 
# Command line: callpeak -t sample2.bed -c control.bed -f BED -g hs --outdir /proj/sllstore2017067/project6/Javi/data/MACS2 -n sample2_MACS2
# ARGUMENTS LIST:
# name = sample2_MACS2
# format = BED
# ChIP-seq file = ['sample2.bed']
# control file = ['control.bed']
# effective genome size = 2.70e+09
# band width = 300
# model fold = [5, 50]
# qvalue cutoff = 5.00e-02
# Larger dataset will be scaled towards smaller dataset.
# Range for calculating regional lambda is: 1000 bps and 10000 bps
# Broad region calling is off
 
INFO  @ Tue, 19 Dec 2017 19:23:01: #1 read tag files... 
INFO  @ Tue, 19 Dec 2017 19:23:01: #1 read treatment tags... 
INFO  @ Tue, 19 Dec 2017 19:23:03:  1000000 
INFO  @ Tue, 19 Dec 2017 19:23:04:  2000000 
INFO  @ Tue, 19 Dec 2017 19:23:05:  3000000 
INFO  @ Tue, 19 Dec 2017 19:23:06:  4000000 
INFO  @ Tue, 19 Dec 2017 19:23:08:  5000000 
INFO  @ Tue, 19 Dec 2017 19:23:09:  6000000 
INFO  @ Tue, 19 Dec 2017 19:23:10:  7000000 
INFO  @ Tue, 19 Dec 2017 19:23:11:  8000000 
INFO  @ Tue, 19 Dec 2017 19:23:12:  9000000 
INFO  @ Tue, 19 Dec 2017 19:23:13:  10000000 
INFO  @ Tue, 19 Dec 2017 19:23:14:  11000000 
INFO  @ Tue, 19 Dec 2017 19:23:15:  12000000 
INFO  @ Tue, 19 Dec 2017 19:23:16:  13000000 
INFO  @ Tue, 19 Dec 2017 19:23:16: #1.2 read input tags... 
INFO  @ Tue, 19 Dec 2017 19:23:18:  1000000 
INFO  @ Tue, 19 Dec 2017 19:23:19:  2000000 
INFO  @ Tue, 19 Dec 2017 19:23:20:  3000000 
INFO  @ Tue, 19 Dec 2017 19:23:21:  4000000 
INFO  @ Tue, 19 Dec 2017 19:23:23:  5000000 
INFO  @ Tue, 19 Dec 2017 19:23:24:  6000000 
INFO  @ Tue, 19 Dec 2017 19:23:25:  7000000 
INFO  @ Tue, 19 Dec 2017 19:23:26:  8000000 
INFO  @ Tue, 19 Dec 2017 19:23:27:  9000000 
INFO  @ Tue, 19 Dec 2017 19:23:28:  10000000 
INFO  @ Tue, 19 Dec 2017 19:23:29:  11000000 
INFO  @ Tue, 19 Dec 2017 19:23:30:  12000000 
INFO  @ Tue, 19 Dec 2017 19:23:31:  13000000 
INFO  @ Tue, 19 Dec 2017 19:23:33:  14000000 
INFO  @ Tue, 19 Dec 2017 19:23:34:  15000000 
INFO  @ Tue, 19 Dec 2017 19:23:35:  16000000 
INFO  @ Tue, 19 Dec 2017 19:23:36:  17000000 
INFO  @ Tue, 19 Dec 2017 19:23:37:  18000000 
INFO  @ Tue, 19 Dec 2017 19:23:38:  19000000 
INFO  @ Tue, 19 Dec 2017 19:23:39:  20000000 
INFO  @ Tue, 19 Dec 2017 19:23:40:  21000000 
INFO  @ Tue, 19 Dec 2017 19:23:41:  22000000 
INFO  @ Tue, 19 Dec 2017 19:23:42:  23000000 
INFO  @ Tue, 19 Dec 2017 19:23:43:  24000000 
INFO  @ Tue, 19 Dec 2017 19:23:44:  25000000 
INFO  @ Tue, 19 Dec 2017 19:23:45:  26000000 
INFO  @ Tue, 19 Dec 2017 19:23:46:  27000000 
INFO  @ Tue, 19 Dec 2017 19:23:47: #1 tag size is determined as 36 bps 
INFO  @ Tue, 19 Dec 2017 19:23:47: #1 tag size = 36 
INFO  @ Tue, 19 Dec 2017 19:23:47: #1  total tags in treatment: 13230725 
INFO  @ Tue, 19 Dec 2017 19:23:47: #1 user defined the maximum tags... 
INFO  @ Tue, 19 Dec 2017 19:23:47: #1 filter out redundant tags at the same location and the same strand by allowing at most 1 tag(s) 
INFO  @ Tue, 19 Dec 2017 19:23:48: #1  tags after filtering in treatment: 13230725 
INFO  @ Tue, 19 Dec 2017 19:23:48: #1  Redundant rate of treatment: 0.00 
INFO  @ Tue, 19 Dec 2017 19:23:48: #1  total tags in control: 27523805 
INFO  @ Tue, 19 Dec 2017 19:23:48: #1 user defined the maximum tags... 
INFO  @ Tue, 19 Dec 2017 19:23:48: #1 filter out redundant tags at the same location and the same strand by allowing at most 1 tag(s) 
INFO  @ Tue, 19 Dec 2017 19:23:52: #1  tags after filtering in control: 27523805 
INFO  @ Tue, 19 Dec 2017 19:23:52: #1  Redundant rate of control: 0.00 
INFO  @ Tue, 19 Dec 2017 19:23:52: #1 finished! 
INFO  @ Tue, 19 Dec 2017 19:23:52: #2 Build Peak Model... 
INFO  @ Tue, 19 Dec 2017 19:23:58: #2 number of paired peaks: 48369 
INFO  @ Tue, 19 Dec 2017 19:23:58: start model_add_line... 
INFO  @ Tue, 19 Dec 2017 19:24:05: start X-correlation... 
INFO  @ Tue, 19 Dec 2017 19:24:05: end of X-cor 
INFO  @ Tue, 19 Dec 2017 19:24:05: #2 finished! 
INFO  @ Tue, 19 Dec 2017 19:24:05: #2 predicted fragment length is 127 bps 
INFO  @ Tue, 19 Dec 2017 19:24:05: #2 alternative fragment length(s) may be 127 bps 
INFO  @ Tue, 19 Dec 2017 19:24:05: #2.2 Generate R script for model : /proj/sllstore2017067/project6/Javi/data/MACS2/sample2_MACS2_model.r 
INFO  @ Tue, 19 Dec 2017 19:24:05: #3 Call peaks... 
INFO  @ Tue, 19 Dec 2017 19:24:05: #3 Pre-compute pvalue-qvalue table... 
INFO  @ Tue, 19 Dec 2017 19:28:21: #3 Call peaks for each chromosome... 
INFO  @ Tue, 19 Dec 2017 19:31:43: #4 Write output xls file... /proj/sllstore2017067/project6/Javi/data/MACS2/sample2_MACS2_peaks.xls 
INFO  @ Tue, 19 Dec 2017 19:31:44: #4 Write peak in narrowPeak format file... /proj/sllstore2017067/project6/Javi/data/MACS2/sample2_MACS2_peaks.narrowPeak 
INFO  @ Tue, 19 Dec 2017 19:31:44: #4 Write summits bed file... /proj/sllstore2017067/project6/Javi/data/MACS2/sample2_MACS2_summits.bed 
INFO  @ Tue, 19 Dec 2017 19:31:44: Done! 
