[bam_sort_core] merging from 12 files...
[bam_sort_core] merging from 15 files...
[bam_sort_core] merging from 13 files...
[bam_rmdupse_core] 535472 / 28059277 = 0.0191 in library '	'
[bam_rmdupse_core] 7205552 / 33697314 = 0.2138 in library '	'
[bam_rmdupse_core] 17565393 / 30796118 = 0.5704 in library '	'
mkdir: cannot create directory ‘BED’: File exists
INFO  @ Wed, 20 Dec 2017 18:16:55: 
# Command line: callpeak -t sample1.bed -c control.bed -f BED -g hs --outdir /proj/sllstore2017067/project6/Javi/data/MACS2 -n sample1_MACS2
# ARGUMENTS LIST:
# name = sample1_MACS2
# format = BED
# ChIP-seq file = ['sample1.bed']
# control file = ['control.bed']
# effective genome size = 2.70e+09
# band width = 300
# model fold = [5, 50]
# qvalue cutoff = 5.00e-02
# Larger dataset will be scaled towards smaller dataset.
# Range for calculating regional lambda is: 1000 bps and 10000 bps
# Broad region calling is off
 
INFO  @ Wed, 20 Dec 2017 18:16:55: #1 read tag files... 
INFO  @ Wed, 20 Dec 2017 18:16:55: #1 read treatment tags... 
INFO  @ Wed, 20 Dec 2017 18:16:56:  1000000 
INFO  @ Wed, 20 Dec 2017 18:16:58:  2000000 
INFO  @ Wed, 20 Dec 2017 18:16:59:  3000000 
INFO  @ Wed, 20 Dec 2017 18:17:00:  4000000 
INFO  @ Wed, 20 Dec 2017 18:17:02:  5000000 
INFO  @ Wed, 20 Dec 2017 18:17:03:  6000000 
INFO  @ Wed, 20 Dec 2017 18:17:05:  7000000 
INFO  @ Wed, 20 Dec 2017 18:17:06:  8000000 
INFO  @ Wed, 20 Dec 2017 18:17:08:  9000000 
INFO  @ Wed, 20 Dec 2017 18:17:09:  10000000 
INFO  @ Wed, 20 Dec 2017 18:17:11:  11000000 
INFO  @ Wed, 20 Dec 2017 18:17:12:  12000000 
INFO  @ Wed, 20 Dec 2017 18:17:13:  13000000 
INFO  @ Wed, 20 Dec 2017 18:17:15:  14000000 
INFO  @ Wed, 20 Dec 2017 18:17:16:  15000000 
INFO  @ Wed, 20 Dec 2017 18:17:17:  16000000 
INFO  @ Wed, 20 Dec 2017 18:17:18:  17000000 
INFO  @ Wed, 20 Dec 2017 18:17:19:  18000000 
INFO  @ Wed, 20 Dec 2017 18:17:21:  19000000 
INFO  @ Wed, 20 Dec 2017 18:17:22:  20000000 
INFO  @ Wed, 20 Dec 2017 18:17:23:  21000000 
INFO  @ Wed, 20 Dec 2017 18:17:24:  22000000 
INFO  @ Wed, 20 Dec 2017 18:17:26:  23000000 
INFO  @ Wed, 20 Dec 2017 18:17:27:  24000000 
INFO  @ Wed, 20 Dec 2017 18:17:29:  25000000 
INFO  @ Wed, 20 Dec 2017 18:17:30:  26000000 
INFO  @ Wed, 20 Dec 2017 18:17:31: #1.2 read input tags... 
INFO  @ Wed, 20 Dec 2017 18:17:33:  1000000 
INFO  @ Wed, 20 Dec 2017 18:17:34:  2000000 
INFO  @ Wed, 20 Dec 2017 18:17:36:  3000000 
INFO  @ Wed, 20 Dec 2017 18:17:37:  4000000 
INFO  @ Wed, 20 Dec 2017 18:17:39:  5000000 
INFO  @ Wed, 20 Dec 2017 18:17:40:  6000000 
INFO  @ Wed, 20 Dec 2017 18:17:41:  7000000 
INFO  @ Wed, 20 Dec 2017 18:17:43:  8000000 
INFO  @ Wed, 20 Dec 2017 18:17:44:  9000000 
INFO  @ Wed, 20 Dec 2017 18:17:46:  10000000 
INFO  @ Wed, 20 Dec 2017 18:17:47:  11000000 
INFO  @ Wed, 20 Dec 2017 18:17:48:  12000000 
INFO  @ Wed, 20 Dec 2017 18:17:49:  13000000 
INFO  @ Wed, 20 Dec 2017 18:17:51:  14000000 
INFO  @ Wed, 20 Dec 2017 18:17:52:  15000000 
INFO  @ Wed, 20 Dec 2017 18:17:53:  16000000 
INFO  @ Wed, 20 Dec 2017 18:17:54:  17000000 
INFO  @ Wed, 20 Dec 2017 18:17:55:  18000000 
INFO  @ Wed, 20 Dec 2017 18:17:56:  19000000 
INFO  @ Wed, 20 Dec 2017 18:17:58:  20000000 
INFO  @ Wed, 20 Dec 2017 18:17:59:  21000000 
INFO  @ Wed, 20 Dec 2017 18:18:00:  22000000 
INFO  @ Wed, 20 Dec 2017 18:18:01:  23000000 
INFO  @ Wed, 20 Dec 2017 18:18:02:  24000000 
INFO  @ Wed, 20 Dec 2017 18:18:03:  25000000 
INFO  @ Wed, 20 Dec 2017 18:18:05:  26000000 
INFO  @ Wed, 20 Dec 2017 18:18:06:  27000000 
INFO  @ Wed, 20 Dec 2017 18:18:07: #1 tag size is determined as 36 bps 
INFO  @ Wed, 20 Dec 2017 18:18:07: #1 tag size = 36 
INFO  @ Wed, 20 Dec 2017 18:18:07: #1  total tags in treatment: 26491762 
INFO  @ Wed, 20 Dec 2017 18:18:07: #1 user defined the maximum tags... 
INFO  @ Wed, 20 Dec 2017 18:18:07: #1 filter out redundant tags at the same location and the same strand by allowing at most 1 tag(s) 
INFO  @ Wed, 20 Dec 2017 18:18:11: #1  tags after filtering in treatment: 26491762 
INFO  @ Wed, 20 Dec 2017 18:18:11: #1  Redundant rate of treatment: 0.00 
INFO  @ Wed, 20 Dec 2017 18:18:11: #1  total tags in control: 27523805 
INFO  @ Wed, 20 Dec 2017 18:18:11: #1 user defined the maximum tags... 
INFO  @ Wed, 20 Dec 2017 18:18:11: #1 filter out redundant tags at the same location and the same strand by allowing at most 1 tag(s) 
INFO  @ Wed, 20 Dec 2017 18:18:15: #1  tags after filtering in control: 27523805 
INFO  @ Wed, 20 Dec 2017 18:18:15: #1  Redundant rate of control: 0.00 
INFO  @ Wed, 20 Dec 2017 18:18:15: #1 finished! 
INFO  @ Wed, 20 Dec 2017 18:18:15: #2 Build Peak Model... 
INFO  @ Wed, 20 Dec 2017 18:18:22: #2 number of paired peaks: 33192 
INFO  @ Wed, 20 Dec 2017 18:18:22: start model_add_line... 
INFO  @ Wed, 20 Dec 2017 18:18:34: start X-correlation... 
INFO  @ Wed, 20 Dec 2017 18:18:34: end of X-cor 
INFO  @ Wed, 20 Dec 2017 18:18:34: #2 finished! 
INFO  @ Wed, 20 Dec 2017 18:18:34: #2 predicted fragment length is 103 bps 
INFO  @ Wed, 20 Dec 2017 18:18:34: #2 alternative fragment length(s) may be 103 bps 
INFO  @ Wed, 20 Dec 2017 18:18:34: #2.2 Generate R script for model : /proj/sllstore2017067/project6/Javi/data/MACS2/sample1_MACS2_model.r 
INFO  @ Wed, 20 Dec 2017 18:18:34: #3 Call peaks... 
INFO  @ Wed, 20 Dec 2017 18:18:34: #3 Pre-compute pvalue-qvalue table... 
INFO  @ Wed, 20 Dec 2017 18:24:01: #3 Call peaks for each chromosome... 
INFO  @ Wed, 20 Dec 2017 18:28:19: #4 Write output xls file... /proj/sllstore2017067/project6/Javi/data/MACS2/sample1_MACS2_peaks.xls 
INFO  @ Wed, 20 Dec 2017 18:28:20: #4 Write peak in narrowPeak format file... /proj/sllstore2017067/project6/Javi/data/MACS2/sample1_MACS2_peaks.narrowPeak 
INFO  @ Wed, 20 Dec 2017 18:28:20: #4 Write summits bed file... /proj/sllstore2017067/project6/Javi/data/MACS2/sample1_MACS2_summits.bed 
INFO  @ Wed, 20 Dec 2017 18:28:21: Done! 
INFO  @ Wed, 20 Dec 2017 18:28:25: 
# Command line: callpeak -t sample2.bed -c control.bed -f BED -g hs --outdir /proj/sllstore2017067/project6/Javi/data/MACS2 -n sample2_MACS2
# ARGUMENTS LIST:
# name = sample2_MACS2
# format = BED
# ChIP-seq file = ['sample2.bed']
# control file = ['control.bed']
# effective genome size = 2.70e+09
# band width = 300
# model fold = [5, 50]
# qvalue cutoff = 5.00e-02
# Larger dataset will be scaled towards smaller dataset.
# Range for calculating regional lambda is: 1000 bps and 10000 bps
# Broad region calling is off
 
INFO  @ Wed, 20 Dec 2017 18:28:25: #1 read tag files... 
INFO  @ Wed, 20 Dec 2017 18:28:25: #1 read treatment tags... 
INFO  @ Wed, 20 Dec 2017 18:28:26:  1000000 
INFO  @ Wed, 20 Dec 2017 18:28:28:  2000000 
INFO  @ Wed, 20 Dec 2017 18:28:29:  3000000 
INFO  @ Wed, 20 Dec 2017 18:28:31:  4000000 
INFO  @ Wed, 20 Dec 2017 18:28:32:  5000000 
INFO  @ Wed, 20 Dec 2017 18:28:33:  6000000 
INFO  @ Wed, 20 Dec 2017 18:28:35:  7000000 
INFO  @ Wed, 20 Dec 2017 18:28:36:  8000000 
INFO  @ Wed, 20 Dec 2017 18:28:37:  9000000 
INFO  @ Wed, 20 Dec 2017 18:28:38:  10000000 
INFO  @ Wed, 20 Dec 2017 18:28:40:  11000000 
INFO  @ Wed, 20 Dec 2017 18:28:41:  12000000 
INFO  @ Wed, 20 Dec 2017 18:28:42:  13000000 
INFO  @ Wed, 20 Dec 2017 18:28:43: #1.2 read input tags... 
INFO  @ Wed, 20 Dec 2017 18:28:44:  1000000 
INFO  @ Wed, 20 Dec 2017 18:28:45:  2000000 
INFO  @ Wed, 20 Dec 2017 18:28:47:  3000000 
INFO  @ Wed, 20 Dec 2017 18:28:48:  4000000 
INFO  @ Wed, 20 Dec 2017 18:28:49:  5000000 
INFO  @ Wed, 20 Dec 2017 18:28:51:  6000000 
INFO  @ Wed, 20 Dec 2017 18:28:52:  7000000 
INFO  @ Wed, 20 Dec 2017 18:28:53:  8000000 
INFO  @ Wed, 20 Dec 2017 18:28:55:  9000000 
INFO  @ Wed, 20 Dec 2017 18:28:56:  10000000 
INFO  @ Wed, 20 Dec 2017 18:28:57:  11000000 
INFO  @ Wed, 20 Dec 2017 18:28:58:  12000000 
INFO  @ Wed, 20 Dec 2017 18:29:00:  13000000 
INFO  @ Wed, 20 Dec 2017 18:29:01:  14000000 
INFO  @ Wed, 20 Dec 2017 18:29:02:  15000000 
INFO  @ Wed, 20 Dec 2017 18:29:03:  16000000 
INFO  @ Wed, 20 Dec 2017 18:29:05:  17000000 
INFO  @ Wed, 20 Dec 2017 18:29:06:  18000000 
INFO  @ Wed, 20 Dec 2017 18:29:07:  19000000 
INFO  @ Wed, 20 Dec 2017 18:29:08:  20000000 
INFO  @ Wed, 20 Dec 2017 18:29:10:  21000000 
INFO  @ Wed, 20 Dec 2017 18:29:11:  22000000 
INFO  @ Wed, 20 Dec 2017 18:29:12:  23000000 
INFO  @ Wed, 20 Dec 2017 18:29:14:  24000000 
INFO  @ Wed, 20 Dec 2017 18:29:15:  25000000 
INFO  @ Wed, 20 Dec 2017 18:29:16:  26000000 
INFO  @ Wed, 20 Dec 2017 18:29:17:  27000000 
INFO  @ Wed, 20 Dec 2017 18:29:18: #1 tag size is determined as 36 bps 
INFO  @ Wed, 20 Dec 2017 18:29:18: #1 tag size = 36 
INFO  @ Wed, 20 Dec 2017 18:29:18: #1  total tags in treatment: 13230725 
INFO  @ Wed, 20 Dec 2017 18:29:18: #1 user defined the maximum tags... 
INFO  @ Wed, 20 Dec 2017 18:29:18: #1 filter out redundant tags at the same location and the same strand by allowing at most 1 tag(s) 
INFO  @ Wed, 20 Dec 2017 18:29:20: #1  tags after filtering in treatment: 13230725 
INFO  @ Wed, 20 Dec 2017 18:29:20: #1  Redundant rate of treatment: 0.00 
INFO  @ Wed, 20 Dec 2017 18:29:20: #1  total tags in control: 27523805 
INFO  @ Wed, 20 Dec 2017 18:29:20: #1 user defined the maximum tags... 
INFO  @ Wed, 20 Dec 2017 18:29:20: #1 filter out redundant tags at the same location and the same strand by allowing at most 1 tag(s) 
INFO  @ Wed, 20 Dec 2017 18:29:24: #1  tags after filtering in control: 27523805 
INFO  @ Wed, 20 Dec 2017 18:29:24: #1  Redundant rate of control: 0.00 
INFO  @ Wed, 20 Dec 2017 18:29:24: #1 finished! 
INFO  @ Wed, 20 Dec 2017 18:29:24: #2 Build Peak Model... 
INFO  @ Wed, 20 Dec 2017 18:29:31: #2 number of paired peaks: 48369 
INFO  @ Wed, 20 Dec 2017 18:29:31: start model_add_line... 
INFO  @ Wed, 20 Dec 2017 18:29:39: start X-correlation... 
INFO  @ Wed, 20 Dec 2017 18:29:39: end of X-cor 
INFO  @ Wed, 20 Dec 2017 18:29:39: #2 finished! 
INFO  @ Wed, 20 Dec 2017 18:29:39: #2 predicted fragment length is 127 bps 
INFO  @ Wed, 20 Dec 2017 18:29:39: #2 alternative fragment length(s) may be 127 bps 
INFO  @ Wed, 20 Dec 2017 18:29:39: #2.2 Generate R script for model : /proj/sllstore2017067/project6/Javi/data/MACS2/sample2_MACS2_model.r 
INFO  @ Wed, 20 Dec 2017 18:29:39: #3 Call peaks... 
INFO  @ Wed, 20 Dec 2017 18:29:39: #3 Pre-compute pvalue-qvalue table... 
INFO  @ Wed, 20 Dec 2017 18:34:38: #3 Call peaks for each chromosome... 
INFO  @ Wed, 20 Dec 2017 18:38:32: #4 Write output xls file... /proj/sllstore2017067/project6/Javi/data/MACS2/sample2_MACS2_peaks.xls 
INFO  @ Wed, 20 Dec 2017 18:38:32: #4 Write peak in narrowPeak format file... /proj/sllstore2017067/project6/Javi/data/MACS2/sample2_MACS2_peaks.narrowPeak 
INFO  @ Wed, 20 Dec 2017 18:38:32: #4 Write summits bed file... /proj/sllstore2017067/project6/Javi/data/MACS2/sample2_MACS2_summits.bed 
INFO  @ Wed, 20 Dec 2017 18:38:32: Done! 
